Arguments: 
  C:\Program Files\nodejs\node.exe C:\Program Files (x86)\Yarn\bin\yarn.js init

PATH: 
  C:\Program Files\ImageMagick-7.0.9-Q16;C:\Windows\system32;C:\Windows;C:\Windows\System32\Wbem;C:\Windows\System32\WindowsPowerShell\v1.0\;C:\Windows\System32\OpenSSH\;C:\Users\Gavin\AppData\Local\Programs\Python\Python37-32\Scripts;D:\;C:\Program Files\Git\cmd;C:\Program Files (x86)\Yarn\bin\;C:\Program Files\dotnet\;C:\Program Files\nodejs\;D:\aria2;C:\Users\Gavin\AppData\Local\Microsoft\WindowsApps;C:\Users\Gavin\AppData\Local\Programs\Microsoft VS Code\bin;C:\Users\Gavin\AppData\Local\Yarn\bin;C:\Users\Gavin\AppData\Local\Google\Cloud SDK\google-cloud-sdk\bin;C:\Users\Gavin\AppData\Local\Programs\Fiddler;C:\Users\Gavin\AppData\Roaming\npm

Yarn version: 
  1.22.4

Node version: 
  12.18.1

Platform: 
  win32 x64

Trace: 
  Error: canceled
      at Interface.<anonymous> (C:\Program Files (x86)\Yarn\lib\cli.js:137008:13)
      at Interface.emit (events.js:315:20)
      at Interface._ttyWrite (readline.js:866:16)
      at ReadStream.onkeypress (readline.js:205:10)
      at ReadStream.emit (events.js:315:20)
      at emitKeys (internal/readline/utils.js:335:14)
      at emitKeys.next (<anonymous>)
      at ReadStream.onData (readline.js:1133:36)
      at ReadStream.emit (events.js:315:20)
      at addChunk (_stream_readable.js:295:12)

npm manifest: 
  No manifest

yarn manifest: 
  No manifest

Lockfile: 
  No lockfile
